<?xml version="1.0" encoding="UTF-8"?>
<!-- Generated by org.testng.reporters.JUnitReportReporter -->
<testsuite hostname="FSEGUNDO-LAP" failures="0" tests="1" name="RunTest" time="22.469" errors="0" timestamp="2020-10-21T18:51:36 CDT" skipped="0">
  <testcase classname="RunTest" name="feature" time="22.469"/>
  <system-out/>
</testsuite> <!-- RunTest -->
